[2023-02-08 17:00:10] local.ERROR: Illuminate\Auth\SessionGuard::__construct(): Argument #2 ($provider) must be of type Illuminate\Contracts\Auth\UserProvider, null given, called in C:\Users\asus\Documents\Personnel\Job application test\mountassir-billah\tasks-backend\vendor\laravel\framework\src\Illuminate\Auth\AuthManager.php on line 127 {"exception":"[object] (TypeError(code: 0): Illuminate\\Auth\\SessionGuard::__construct(): Argument #2 ($provider) must be of type Illuminate\\Contracts\\Auth\\UserProvider, null given, called in C:\\Users\\asus\\Documents\\Personnel\\Job application test\\mountassir-billah\\tasks-backend\\vendor\\laravel\\framework\\src\\Illuminate\\Auth\\AuthManager.php on line 127 at C:\\Users\\asus\\Documents\\Personnel\\Job application test\\mountassir-billah\\tasks-backend\\vendor\\laravel\\framework\\src\\Illuminate\\Auth\\SessionGuard.php:123)
[stacktrace]
#0 C:\\Users\\asus\\Documents\\Personnel\\Job application test\\mountassir-billah\\tasks-backend\\vendor\\laravel\\framework\\src\\Illuminate\\Auth\\AuthManager.php(127): Illuminate\\Auth\\SessionGuard->__construct('web', NULL, Object(Illuminate\\Session\\Store))
#1 C:\\Users\\asus\\Documents\\Personnel\\Job application test\\mountassir-billah\\tasks-backend\\vendor\\laravel\\framework\\src\\Illuminate\\Auth\\AuthManager.php(96): Illuminate\\Auth\\AuthManager->createSessionDriver('web', Array)
#2 C:\\Users\\asus\\Documents\\Personnel\\Job application test\\mountassir-billah\\tasks-backend\\vendor\\laravel\\framework\\src\\Illuminate\\Auth\\AuthManager.php(70): Illuminate\\Auth\\AuthManager->resolve('web')
#3 C:\\Users\\asus\\Documents\\Personnel\\Job application test\\mountassir-billah\\tasks-backend\\vendor\\laravel\\framework\\src\\Illuminate\\Auth\\AuthManager.php(57): Illuminate\\Auth\\AuthManager->guard('web')
#4 [internal function]: Illuminate\\Auth\\AuthManager->Illuminate\\Auth\\{closure}(NULL)
#5 C:\\Users\\asus\\Documents\\Personnel\\Job application test\\mountassir-billah\\tasks-backend\\vendor\\laravel\\framework\\src\\Illuminate\\Auth\\AuthServiceProvider.php(89): call_user_func(Object(Closure), NULL)
#6 [internal function]: Illuminate\\Auth\\AuthServiceProvider->Illuminate\\Auth\\{closure}(NULL)
#7 C:\\Users\\asus\\Documents\\Personnel\\Job application test\\mountassir-billah\\tasks-backend\\vendor\\laravel\\framework\\src\\Illuminate\\Http\\Request.php(606): call_user_func(Object(Closure), NULL)
#8 C:\\Users\\asus\\Documents\\Personnel\\Job application test\\mountassir-billah\\tasks-backend\\vendor\\laravel\\framework\\src\\Illuminate\\Routing\\Middleware\\ThrottleRequests.php(169): Illuminate\\Http\\Request->user()
#9 C:\\Users\\asus\\Documents\\Personnel\\Job application test\\mountassir-billah\\tasks-backend\\vendor\\laravel\\framework\\src\\Illuminate\\Routing\\Middleware\\ThrottleRequests.php(62): Illuminate\\Routing\\Middleware\\ThrottleRequests->resolveRequestSignature(Object(Illuminate\\Http\\Request))
#10 C:\\Users\\asus\\Documents\\Personnel\\Job application test\\mountassir-billah\\tasks-backend\\vendor\\laravel\\framework\\src\\Illuminate\\Pipeline\\Pipeline.php(180): Illuminate\\Routing\\Middleware\\ThrottleRequests->handle(Object(Illuminate\\Http\\Request), Object(Closure), '60', '1')
#11 C:\\Users\\asus\\Documents\\Personnel\\Job application test\\mountassir-billah\\tasks-backend\\vendor\\laravel\\framework\\src\\Illuminate\\Pipeline\\Pipeline.php(116): Illuminate\\Pipeline\\Pipeline->Illuminate\\Pipeline\\{closure}(Object(Illuminate\\Http\\Request))
#12 C:\\Users\\asus\\Documents\\Personnel\\Job application test\\mountassir-billah\\tasks-backend\\vendor\\laravel\\framework\\src\\Illuminate\\Routing\\Router.php(797): Illuminate\\Pipeline\\Pipeline->then(Object(Closure))
#13 C:\\Users\\asus\\Documents\\Personnel\\Job application test\\mountassir-billah\\tasks-backend\\vendor\\laravel\\framework\\src\\Illuminate\\Routing\\Router.php(776): Illuminate\\Routing\\Router->runRouteWithinStack(Object(Illuminate\\Routing\\Route), Object(Illuminate\\Http\\Request))
#14 C:\\Users\\asus\\Documents\\Personnel\\Job application test\\mountassir-billah\\tasks-backend\\vendor\\laravel\\framework\\src\\Illuminate\\Routing\\Router.php(740): Illuminate\\Routing\\Router->runRoute(Object(Illuminate\\Http\\Request), Object(Illuminate\\Routing\\Route))
#15 C:\\Users\\asus\\Documents\\Personnel\\Job application test\\mountassir-billah\\tasks-backend\\vendor\\laravel\\framework\\src\\Illuminate\\Routing\\Router.php(729): Illuminate\\Routing\\Router->dispatchToRoute(Object(Illuminate\\Http\\Request))
#16 C:\\Users\\asus\\Documents\\Personnel\\Job application test\\mountassir-billah\\tasks-backend\\vendor\\laravel\\framework\\src\\Illuminate\\Foundation\\Http\\Kernel.php(190): Illuminate\\Routing\\Router->dispatch(Object(Illuminate\\Http\\Request))
#17 C:\\Users\\asus\\Documents\\Personnel\\Job application test\\mountassir-billah\\tasks-backend\\vendor\\laravel\\framework\\src\\Illuminate\\Pipeline\\Pipeline.php(141): Illuminate\\Foundation\\Http\\Kernel->Illuminate\\Foundation\\Http\\{closure}(Object(Illuminate\\Http\\Request))
#18 C:\\Users\\asus\\Documents\\Personnel\\Job application test\\mountassir-billah\\tasks-backend\\vendor\\laravel\\framework\\src\\Illuminate\\Foundation\\Http\\Middleware\\TransformsRequest.php(21): Illuminate\\Pipeline\\Pipeline->Illuminate\\Pipeline\\{closure}(Object(Illuminate\\Http\\Request))
#19 C:\\Users\\asus\\Documents\\Personnel\\Job application test\\mountassir-billah\\tasks-backend\\vendor\\laravel\\framework\\src\\Illuminate\\Foundation\\Http\\Middleware\\ConvertEmptyStringsToNull.php(31): Illuminate\\Foundation\\Http\\Middleware\\TransformsRequest->handle(Object(Illuminate\\Http\\Request), Object(Closure))
#20 C:\\Users\\asus\\Documents\\Personnel\\Job application test\\mountassir-billah\\tasks-backend\\vendor\\laravel\\framework\\src\\Illuminate\\Pipeline\\Pipeline.php(180): Illuminate\\Foundation\\Http\\Middleware\\ConvertEmptyStringsToNull->handle(Object(Illuminate\\Http\\Request), Object(Closure))
#21 C:\\Users\\asus\\Documents\\Personnel\\Job application test\\mountassir-billah\\tasks-backend\\vendor\\laravel\\framework\\src\\Illuminate\\Foundation\\Http\\Middleware\\TransformsRequest.php(21): Illuminate\\Pipeline\\Pipeline->Illuminate\\Pipeline\\{closure}(Object(Illuminate\\Http\\Request))
#22 C:\\Users\\asus\\Documents\\Personnel\\Job application test\\mountassir-billah\\tasks-backend\\vendor\\laravel\\framework\\src\\Illuminate\\Foundation\\Http\\Middleware\\TrimStrings.php(40): Illuminate\\Foundation\\Http\\Middleware\\TransformsRequest->handle(Object(Illuminate\\Http\\Request), Object(Closure))
#23 C:\\Users\\asus\\Documents\\Personnel\\Job application test\\mountassir-billah\\tasks-backend\\vendor\\laravel\\framework\\src\\Illuminate\\Pipeline\\Pipeline.php(180): Illuminate\\Foundation\\Http\\Middleware\\TrimStrings->handle(Object(Illuminate\\Http\\Request), Object(Closure))
#24 C:\\Users\\asus\\Documents\\Personnel\\Job application test\\mountassir-billah\\tasks-backend\\vendor\\laravel\\framework\\src\\Illuminate\\Foundation\\Http\\Middleware\\ValidatePostSize.php(27): Illuminate\\Pipeline\\Pipeline->Illuminate\\Pipeline\\{closure}(Object(Illuminate\\Http\\Request))
#25 C:\\Users\\asus\\Documents\\Personnel\\Job application test\\mountassir-billah\\tasks-backend\\vendor\\laravel\\framework\\src\\Illuminate\\Pipeline\\Pipeline.php(180): Illuminate\\Foundation\\Http\\Middleware\\ValidatePostSize->handle(Object(Illuminate\\Http\\Request), Object(Closure))
#26 C:\\Users\\asus\\Documents\\Personnel\\Job application test\\mountassir-billah\\tasks-backend\\vendor\\laravel\\framework\\src\\Illuminate\\Foundation\\Http\\Middleware\\PreventRequestsDuringMaintenance.php(86): Illuminate\\Pipeline\\Pipeline->Illuminate\\Pipeline\\{closure}(Object(Illuminate\\Http\\Request))
#27 C:\\Users\\asus\\Documents\\Personnel\\Job application test\\mountassir-billah\\tasks-backend\\vendor\\laravel\\framework\\src\\Illuminate\\Pipeline\\Pipeline.php(180): Illuminate\\Foundation\\Http\\Middleware\\PreventRequestsDuringMaintenance->handle(Object(Illuminate\\Http\\Request), Object(Closure))
#28 C:\\Users\\asus\\Documents\\Personnel\\Job application test\\mountassir-billah\\tasks-backend\\vendor\\laravel\\framework\\src\\Illuminate\\Http\\Middleware\\HandleCors.php(49): Illuminate\\Pipeline\\Pipeline->Illuminate\\Pipeline\\{closure}(Object(Illuminate\\Http\\Request))
#29 C:\\Users\\asus\\Documents\\Personnel\\Job application test\\mountassir-billah\\tasks-backend\\vendor\\laravel\\framework\\src\\Illuminate\\Pipeline\\Pipeline.php(180): Illuminate\\Http\\Middleware\\HandleCors->handle(Object(Illuminate\\Http\\Request), Object(Closure))
#30 C:\\Users\\asus\\Documents\\Personnel\\Job application test\\mountassir-billah\\tasks-backend\\vendor\\laravel\\framework\\src\\Illuminate\\Http\\Middleware\\TrustProxies.php(39): Illuminate\\Pipeline\\Pipeline->Illuminate\\Pipeline\\{closure}(Object(Illuminate\\Http\\Request))
#31 C:\\Users\\asus\\Documents\\Personnel\\Job application test\\mountassir-billah\\tasks-backend\\vendor\\laravel\\framework\\src\\Illuminate\\Pipeline\\Pipeline.php(180): Illuminate\\Http\\Middleware\\TrustProxies->handle(Object(Illuminate\\Http\\Request), Object(Closure))
#32 C:\\Users\\asus\\Documents\\Personnel\\Job application test\\mountassir-billah\\tasks-backend\\vendor\\laravel\\framework\\src\\Illuminate\\Pipeline\\Pipeline.php(116): Illuminate\\Pipeline\\Pipeline->Illuminate\\Pipeline\\{closure}(Object(Illuminate\\Http\\Request))
#33 C:\\Users\\asus\\Documents\\Personnel\\Job application test\\mountassir-billah\\tasks-backend\\vendor\\laravel\\framework\\src\\Illuminate\\Foundation\\Http\\Kernel.php(165): Illuminate\\Pipeline\\Pipeline->then(Object(Closure))
#34 C:\\Users\\asus\\Documents\\Personnel\\Job application test\\mountassir-billah\\tasks-backend\\vendor\\laravel\\framework\\src\\Illuminate\\Foundation\\Http\\Kernel.php(134): Illuminate\\Foundation\\Http\\Kernel->sendRequestThroughRouter(Object(Illuminate\\Http\\Request))
#35 C:\\Users\\asus\\Documents\\Personnel\\Job application test\\mountassir-billah\\tasks-backend\\public\\index.php(51): Illuminate\\Foundation\\Http\\Kernel->handle(Object(Illuminate\\Http\\Request))
#36 C:\\Users\\asus\\Documents\\Personnel\\Job application test\\mountassir-billah\\tasks-backend\\vendor\\laravel\\framework\\src\\Illuminate\\Foundation\\resources\\server.php(16): require_once('C:\\\\Users\\\\asus\\\\D...')
#37 {main}
"} 
